#
# There is insufficient memory for the Java Runtime Environment to continue.
# Native memory allocation (malloc) failed to allocate 2114096 bytes for Chunk::new
# Possible reasons:
#   The system is out of physical RAM or swap space
#   The process is running with CompressedOops enabled, and the Java Heap may be blocking the growth of the native heap
# Possible solutions:
#   Reduce memory load on the system
#   Increase physical memory or swap space
#   Check if swap backing store is full
#   Decrease Java heap size (-Xmx/-Xms)
#   Decrease number of Java threads
#   Decrease Java thread stack sizes (-Xss)
#   Set larger code cache with -XX:ReservedCodeCacheSize=
#   JVM is running with Unscaled Compressed Oops mode in which the Java heap is
#     placed in the first 4GB address space. The Java Heap base address is the
#     maximum limit for the native heap growth. Please use -XX:HeapBaseMinAddress
#     to set the Java Heap base and to place the Java Heap above 4GB virtual address.
# This output file may be truncated or incomplete.
#
#  Out of Memory Error (allocation.cpp:389), pid=9444, tid=0x0000000000002110
#
# JRE version: Java(TM) SE Runtime Environment (8.0_231-b11) (build 1.8.0_231-b11)
# Java VM: Java HotSpot(TM) 64-Bit Server VM (25.231-b11 mixed mode windows-amd64 compressed oops)
# Failed to write core dump. Minidumps are not enabled by default on client versions of Windows
#

---------------  T H R E A D  ---------------

Current thread (0x0000000015116000):  JavaThread "C2 CompilerThread1" daemon [_thread_in_native, id=8464, stack(0x0000000016860000,0x0000000016960000)]

Stack: [0x0000000016860000,0x0000000016960000]
[error occurred during error reporting (printing stack bounds), id 0xc0000005]

Native frames: (J=compiled Java code, j=interpreted, Vv=VM code, C=native code)


Current CompileTask:
C2:   3814 1327   !   4       java.net.URLClassLoader$1::run (63 bytes)


---------------  P R O C E S S  ---------------

Java Threads: ( => current thread )
  0x000000001831d000 JavaThread "Cache worker for file hash cache (C:\xampp\htdocs\kta-quasar-app\src-cordova\platforms\android\.gradle\4.10.3\fileHashes)" [_thread_blocked, id=12848, stack(0x000000001bfb0000,0x000000001c0b0000)]
  0x0000000018317000 JavaThread "File lock request listener" [_thread_in_native, id=13736, stack(0x000000001beb0000,0x000000001bfb0000)]
  0x000000001831a000 JavaThread "Cache worker for file hash cache (C:\Users\ZULHAMAZWARACHMAD\.gradle\caches\4.10.3\fileHashes)" [_thread_blocked, id=12628, stack(0x000000001ba70000,0x000000001bb70000)]
  0x0000000016a0d800 JavaThread "Stdin handler" [_thread_blocked, id=13556, stack(0x00000000196b0000,0x00000000197b0000)]
  0x00000000169ff000 JavaThread "Asynchronous log dispatcher for DefaultDaemonConnection: socket connection from /127.0.0.1:61101 to /127.0.0.1:61102" [_thread_blocked, id=7976, stack(0x00000000195b0000,0x00000000196b0000)]
  0x00000000169fe000 JavaThread "Daemon worker" [_thread_in_vm, id=12328, stack(0x00000000194b0000,0x00000000195b0000)]
  0x00000000169fc800 JavaThread "Cancel handler" [_thread_blocked, id=9508, stack(0x00000000193b0000,0x00000000194b0000)]
  0x00000000169f9000 JavaThread "Handler for socket connection from /127.0.0.1:61101 to /127.0.0.1:61102" [_thread_in_native, id=13220, stack(0x00000000192b0000,0x00000000193b0000)]
  0x0000000017201800 JavaThread "Daemon" [_thread_blocked, id=14652, stack(0x00000000191b0000,0x00000000192b0000)]
  0x0000000016d2e800 JavaThread "Daemon periodic checks" [_thread_blocked, id=6952, stack(0x00000000190b0000,0x00000000191b0000)]
  0x0000000016d2d800 JavaThread "Incoming local TCP Connector on port 61101" [_thread_in_native, id=15516, stack(0x0000000018e70000,0x0000000018f70000)]
  0x0000000018094800 JavaThread "Daemon health stats" [_thread_blocked, id=8968, stack(0x0000000018830000,0x0000000018930000)]
  0x000000001516d800 JavaThread "Service Thread" daemon [_thread_blocked, id=1436, stack(0x0000000016e60000,0x0000000016f60000)]
  0x0000000016968800 JavaThread "C1 CompilerThread2" daemon [_thread_blocked, id=9472, stack(0x0000000016d60000,0x0000000016e60000)]
=>0x0000000015116000 JavaThread "C2 CompilerThread1" daemon [_thread_in_native, id=8464, stack(0x0000000016860000,0x0000000016960000)]
  0x0000000015113000 JavaThread "C2 CompilerThread0" daemon [_thread_in_native, id=14408, stack(0x0000000016760000,0x0000000016860000)]
  0x0000000015111000 JavaThread "Attach Listener" daemon [_thread_blocked, id=5552, stack(0x0000000016660000,0x0000000016760000)]
  0x000000001510f800 JavaThread "Signal Dispatcher" daemon [_thread_blocked, id=10696, stack(0x0000000016560000,0x0000000016660000)]
  0x00000000029b7800 JavaThread "Finalizer" daemon [_thread_blocked, id=10044, stack(0x0000000016360000,0x0000000016460000)]
  0x00000000150fa000 JavaThread "Reference Handler" daemon [_thread_blocked, id=9248, stack(0x0000000016260000,0x0000000016360000)]
  0x00000000028c2800 JavaThread "main" [_thread_blocked, id=4756, stack(0x0000000000fe0000,0x00000000010e0000)]

Other Threads:
  0x00000000150d8000 VMThread [stack: 0x0000000016160000,0x0000000016260000] [id=6048]
  0x0000000016975800 WatcherThread [stack: 0x0000000016f60000,0x0000000017060000] [id=8668]

VM state:not at safepoint (normal execution)

VM Mutex/Monitor currently owned by a thread: None

heap address: 0x00000000c0000000, size: 1024 MB, Compressed Oops mode: 32-bit
Narrow klass base: 0x0000000000000000, Narrow klass shift: 3
Compressed class space size: 1073741824 Address: 0x0000000100000000

Heap:
 PSYoungGen      total 36864K, used 31598K [0x00000000eab00000, 0x00000000ed400000, 0x0000000100000000)
  eden space 31744K, 83% used [0x00000000eab00000,0x00000000ec4df078,0x00000000eca00000)
  from space 5120K, 99% used [0x00000000eca00000,0x00000000ecefca38,0x00000000ecf00000)
  to   space 5120K, 0% used [0x00000000ecf00000,0x00000000ecf00000,0x00000000ed400000)
 ParOldGen       total 84992K, used 1922K [0x00000000c0000000, 0x00000000c5300000, 0x00000000eab00000)
  object space 84992K, 2% used [0x00000000c0000000,0x00000000c01e0a10,0x00000000c5300000)
 Metaspace       used 15307K, capacity 15560K, committed 15744K, reserved 1062912K
  class space    used 2246K, capacity 2362K, committed 2432K, reserved 1048576K

Card table byte_map: [0x0000000011e00000,0x0000000012010000] byte_map_base: 0x0000000011800000

Marking Bits: (ParMarkBitMap*) 0x000000005c6d6d90
 Begin Bits: [0x0000000012570000, 0x0000000013570000)
 End Bits:   [0x0000000013570000, 0x0000000014570000)

Polling page: 0x00000000010e0000

CodeCache: size=245760Kb used=5055Kb max_used=5055Kb free=240704Kb
 bounds [0x0000000002a40000, 0x0000000002f40000, 0x0000000011a40000]
 total_blobs=1827 nmethods=1451 adapters=289
 compilation: enabled

Compilation events (10 events):
Event: 3.781 Thread 0x0000000016968800 1455       3       java.lang.String::lastIndexOf (151 bytes)
Event: 3.782 Thread 0x0000000016968800 nmethod 1455 0x0000000002f2fa90 code [0x0000000002f2fc40, 0x0000000002f30190]
Event: 3.783 Thread 0x0000000016968800 1456       3       org.gradle.internal.service.DefaultServiceRegistry$SingletonService::getService (18 bytes)
Event: 3.784 Thread 0x0000000016968800 nmethod 1456 0x0000000002f30610 code [0x0000000002f307a0, 0x0000000002f30a18]
Event: 3.784 Thread 0x0000000016968800 1458   !   3       org.gradle.internal.service.DefaultServiceRegistry$ManagedObjectServiceProvider::getInstance (81 bytes)
Event: 3.784 Thread 0x0000000016968800 nmethod 1458 0x0000000002f30b10 code [0x0000000002f30c80, 0x0000000002f310e8]
Event: 3.784 Thread 0x0000000016968800 1457       3       org.gradle.internal.service.DefaultServiceRegistry::access$1200 (6 bytes)
Event: 3.784 Thread 0x0000000016968800 nmethod 1457 0x0000000002f311d0 code [0x0000000002f31340, 0x0000000002f314a8]
Event: 3.792 Thread 0x0000000016968800 1459       3       org.gradle.internal.service.DefaultServiceRegistry::getService (14 bytes)
Event: 3.792 Thread 0x0000000016968800 nmethod 1459 0x0000000002f31550 code [0x0000000002f316c0, 0x0000000002f31918]

GC Heap History (6 events):
Event: 1.136 GC heap before
{Heap before GC invocations=1 (full 0):
 PSYoungGen      total 36864K, used 31744K [0x00000000eab00000, 0x00000000ed400000, 0x0000000100000000)
  eden space 31744K, 100% used [0x00000000eab00000,0x00000000eca00000,0x00000000eca00000)
  from space 5120K, 0% used [0x00000000ecf00000,0x00000000ecf00000,0x00000000ed400000)
  to   space 5120K, 0% used [0x00000000eca00000,0x00000000eca00000,0x00000000ecf00000)
 ParOldGen       total 84992K, used 0K [0x00000000c0000000, 0x00000000c5300000, 0x00000000eab00000)
  object space 84992K, 0% used [0x00000000c0000000,0x00000000c0000000,0x00000000c5300000)
 Metaspace       used 6886K, capacity 6992K, committed 7168K, reserved 1056768K
  class space    used 866K, capacity 908K, committed 1024K, reserved 1048576K
Event: 1.143 GC heap after
Heap after GC invocations=1 (full 0):
 PSYoungGen      total 36864K, used 4134K [0x00000000eab00000, 0x00000000ed400000, 0x0000000100000000)
  eden space 31744K, 0% used [0x00000000eab00000,0x00000000eab00000,0x00000000eca00000)
  from space 5120K, 80% used [0x00000000eca00000,0x00000000ece09850,0x00000000ecf00000)
  to   space 5120K, 0% used [0x00000000ecf00000,0x00000000ecf00000,0x00000000ed400000)
 ParOldGen       total 84992K, used 8K [0x00000000c0000000, 0x00000000c5300000, 0x00000000eab00000)
  object space 84992K, 0% used [0x00000000c0000000,0x00000000c0002000,0x00000000c5300000)
 Metaspace       used 6886K, capacity 6992K, committed 7168K, reserved 1056768K
  class space    used 866K, capacity 908K, committed 1024K, reserved 1048576K
}
Event: 1.911 GC heap before
{Heap before GC invocations=2 (full 0):
 PSYoungGen      total 36864K, used 35878K [0x00000000eab00000, 0x00000000ed400000, 0x0000000100000000)
  eden space 31744K, 100% used [0x00000000eab00000,0x00000000eca00000,0x00000000eca00000)
  from space 5120K, 80% used [0x00000000eca00000,0x00000000ece09850,0x00000000ecf00000)
  to   space 5120K, 0% used [0x00000000ecf00000,0x00000000ecf00000,0x00000000ed400000)
 ParOldGen       total 84992K, used 8K [0x00000000c0000000, 0x00000000c5300000, 0x00000000eab00000)
  object space 84992K, 0% used [0x00000000c0000000,0x00000000c0002000,0x00000000c5300000)
 Metaspace       used 8824K, capacity 9052K, committed 9216K, reserved 1056768K
  class space    used 1183K, capacity 1262K, committed 1280K, reserved 1048576K
Event: 1.916 GC heap after
Heap after GC invocations=2 (full 0):
 PSYoungGen      total 36864K, used 4417K [0x00000000eab00000, 0x00000000ed400000, 0x0000000100000000)
  eden space 31744K, 0% used [0x00000000eab00000,0x00000000eab00000,0x00000000eca00000)
  from space 5120K, 86% used [0x00000000ecf00000,0x00000000ed3505b8,0x00000000ed400000)
  to   space 5120K, 0% used [0x00000000eca00000,0x00000000eca00000,0x00000000ecf00000)
 ParOldGen       total 84992K, used 16K [0x00000000c0000000, 0x00000000c5300000, 0x00000000eab00000)
  object space 84992K, 0% used [0x00000000c0000000,0x00000000c0004000,0x00000000c5300000)
 Metaspace       used 8824K, capacity 9052K, committed 9216K, reserved 1056768K
  class space    used 1183K, capacity 1262K, committed 1280K, reserved 1048576K
}
Event: 3.372 GC heap before
{Heap before GC invocations=3 (full 0):
 PSYoungGen      total 36864K, used 36161K [0x00000000eab00000, 0x00000000ed400000, 0x0000000100000000)
  eden space 31744K, 100% used [0x00000000eab00000,0x00000000eca00000,0x00000000eca00000)
  from space 5120K, 86% used [0x00000000ecf00000,0x00000000ed3505b8,0x00000000ed400000)
  to   space 5120K, 0% used [0x00000000eca00000,0x00000000eca00000,0x00000000ecf00000)
 ParOldGen       total 84992K, used 16K [0x00000000c0000000, 0x00000000c5300000, 0x00000000eab00000)
  object space 84992K, 0% used [0x00000000c0000000,0x00000000c0004000,0x00000000c5300000)
 Metaspace       used 13114K, capacity 13400K, committed 13568K, reserved 1060864K
  class space    used 1881K, capacity 2000K, committed 2048K, reserved 1048576K
Event: 3.378 GC heap after
Heap after GC invocations=3 (full 0):
 PSYoungGen      total 36864K, used 5106K [0x00000000eab00000, 0x00000000ed400000, 0x0000000100000000)
  eden space 31744K, 0% used [0x00000000eab00000,0x00000000eab00000,0x00000000eca00000)
  from space 5120K, 99% used [0x00000000eca00000,0x00000000ecefca38,0x00000000ecf00000)
  to   space 5120K, 0% used [0x00000000ecf00000,0x00000000ecf00000,0x00000000ed400000)
 ParOldGen       total 84992K, used 1922K [0x00000000c0000000, 0x00000000c5300000, 0x00000000eab00000)
  object space 84992K, 2% used [0x00000000c0000000,0x00000000c01e0a10,0x00000000c5300000)
 Metaspace       used 13114K, capacity 13400K, committed 13568K, reserved 1060864K
  class space    used 1881K, capacity 2000K, committed 2048K, reserved 1048576K
}

Deoptimization events (10 events):
Event: 2.313 Thread 0x00000000028c2800 Uncommon trap: reason=unstable_if action=reinterpret pc=0x0000000002d45560 method=java.io.WinNTFileSystem.normalize(Ljava/lang/String;II)Ljava/lang/String; @ 90
Event: 3.100 Thread 0x00000000169fe000 Uncommon trap: reason=bimorphic action=maybe_recompile pc=0x0000000002cd8294 method=java.util.HashMap.putVal(ILjava/lang/Object;Ljava/lang/Object;ZZ)Ljava/lang/Object; @ 253
Event: 3.100 Thread 0x00000000169fe000 Uncommon trap: reason=bimorphic action=maybe_recompile pc=0x0000000002cd8294 method=java.util.HashMap.putVal(ILjava/lang/Object;Ljava/lang/Object;ZZ)Ljava/lang/Object; @ 253
Event: 3.100 Thread 0x00000000169fe000 Uncommon trap: reason=bimorphic action=maybe_recompile pc=0x0000000002cd8294 method=java.util.HashMap.putVal(ILjava/lang/Object;Ljava/lang/Object;ZZ)Ljava/lang/Object; @ 253
Event: 3.100 Thread 0x00000000169fe000 Uncommon trap: reason=bimorphic action=maybe_recompile pc=0x0000000002cd36a0 method=java.util.HashMap.putVal(ILjava/lang/Object;Ljava/lang/Object;ZZ)Ljava/lang/Object; @ 253
Event: 3.491 Thread 0x00000000169fe000 Uncommon trap: reason=class_check action=maybe_recompile pc=0x0000000002d0dd98 method=java.util.regex.Matcher.match(II)Z @ 86
Event: 3.512 Thread 0x00000000169fe000 Uncommon trap: reason=class_check action=maybe_recompile pc=0x0000000002d0dd98 method=java.util.regex.Matcher.match(II)Z @ 86
Event: 3.512 Thread 0x00000000169fe000 Uncommon trap: reason=class_check action=maybe_recompile pc=0x0000000002d0dd98 method=java.util.regex.Matcher.match(II)Z @ 86
Event: 3.513 Thread 0x00000000169fe000 Uncommon trap: reason=class_check action=maybe_recompile pc=0x0000000002cd005c method=java.util.regex.Matcher.match(II)Z @ 86
Event: 3.667 Thread 0x00000000169fe000 Uncommon trap: reason=unstable_if action=reinterpret pc=0x0000000002e7de74 method=java.lang.String.lastIndexOf([CII[CIII)I @ 66

Classes redefined (0 events):
No events

Internal exceptions (10 events):
Event: 0.810 Thread 0x00000000028c2800 Exception <a 'java/lang/ArrayIndexOutOfBoundsException'> (0x00000000ebadcc90) thrown at [C:\re\workspace\8-2-build-windows-amd64-cygwin\jdk8u231\13620\hotspot\src\share\vm\runtime\sharedRuntime.cpp, line 605]
Event: 0.811 Thread 0x00000000028c2800 Exception <a 'java/lang/ArrayIndexOutOfBoundsException'> (0x00000000ebae9278) thrown at [C:\re\workspace\8-2-build-windows-amd64-cygwin\jdk8u231\13620\hotspot\src\share\vm\runtime\sharedRuntime.cpp, line 605]
Event: 0.811 Thread 0x00000000028c2800 Exception <a 'java/lang/ArrayIndexOutOfBoundsException'> (0x00000000ebaeb840) thrown at [C:\re\workspace\8-2-build-windows-amd64-cygwin\jdk8u231\13620\hotspot\src\share\vm\runtime\sharedRuntime.cpp, line 605]
Event: 0.812 Thread 0x00000000028c2800 Exception <a 'java/lang/ArrayIndexOutOfBoundsException'> (0x00000000ebaf91c8) thrown at [C:\re\workspace\8-2-build-windows-amd64-cygwin\jdk8u231\13620\hotspot\src\share\vm\runtime\sharedRuntime.cpp, line 605]
Event: 0.813 Thread 0x00000000028c2800 Exception <a 'java/lang/ArrayIndexOutOfBoundsException'> (0x00000000ebb04798) thrown at [C:\re\workspace\8-2-build-windows-amd64-cygwin\jdk8u231\13620\hotspot\src\share\vm\runtime\sharedRuntime.cpp, line 605]
Event: 0.813 Thread 0x00000000028c2800 Exception <a 'java/lang/ArrayIndexOutOfBoundsException'> (0x00000000ebb06630) thrown at [C:\re\workspace\8-2-build-windows-amd64-cygwin\jdk8u231\13620\hotspot\src\share\vm\runtime\sharedRuntime.cpp, line 605]
Event: 0.813 Thread 0x00000000028c2800 Exception <a 'java/lang/ArrayIndexOutOfBoundsException'> (0x00000000ebb08258) thrown at [C:\re\workspace\8-2-build-windows-amd64-cygwin\jdk8u231\13620\hotspot\src\share\vm\runtime\sharedRuntime.cpp, line 605]
Event: 1.919 Thread 0x00000000028c2800 Exception <a 'java/lang/NoSuchFieldError': method resolution failed> (0x00000000eab209e8) thrown at [C:\re\workspace\8-2-build-windows-amd64-cygwin\jdk8u231\13620\hotspot\src\share\vm\prims\methodHandles.cpp, line 1167]
Event: 1.922 Thread 0x00000000028c2800 Exception <a 'java/lang/NoSuchFieldError': method resolution failed> (0x00000000eab2e6c8) thrown at [C:\re\workspace\8-2-build-windows-amd64-cygwin\jdk8u231\13620\hotspot\src\share\vm\prims\methodHandles.cpp, line 1167]
Event: 3.024 Thread 0x00000000028c2800 Exception <a 'java/io/IOException'> (0x00000000eb385d10) thrown at [C:\re\workspace\8-2-build-windows-amd64-cygwin\jdk8u231\13620\hotspot\src\share\vm\prims\jni.cpp, line 710]

Events (10 events):
Event: 3.809 loading class org/gradle/plugin/use/internal/PluginRepositoriesProvider
Event: 3.809 loading class org/gradle/plugin/use/internal/PluginRepositoriesProvider done
Event: 3.809 loading class org/gradle/plugin/internal/PluginUsePluginServiceRegistry$BuildScopeServices$1
Event: 3.809 loading class org/gradle/plugin/internal/PluginUsePluginServiceRegistry$BuildScopeServices$1 done
Event: 3.810 loading class org/gradle/plugin/use/resolve/internal/PluginResolution
Event: 3.810 loading class org/gradle/plugin/use/resolve/internal/PluginResolution done
Event: 3.810 loading class org/gradle/api/internal/initialization/DefaultClassLoaderScope
Event: 3.810 loading class org/gradle/api/internal/initialization/DefaultClassLoaderScope done
Event: 3.811 loading class org/gradle/internal/classloader/MultiParentClassLoader
Event: 3.811 loading class org/gradle/internal/classloader/MultiParentClassLoader done


Dynamic libraries:
0x00007ff774680000 - 0x00007ff7746b7000 	C:\Program Files\Java\jdk1.8.0_231\bin\java.exe
0x00007ffefeaf0000 - 0x00007ffefecdd000 	C:\Windows\SYSTEM32\ntdll.dll
0x00007ffefc110000 - 0x00007ffefc1c3000 	C:\Windows\System32\KERNEL32.DLL
0x00007ffefaeb0000 - 0x00007ffefb145000 	C:\Windows\System32\KERNELBASE.dll
0x00007ffefc410000 - 0x00007ffefc4b3000 	C:\Windows\System32\ADVAPI32.dll
0x00007ffefbeb0000 - 0x00007ffefbf4e000 	C:\Windows\System32\msvcrt.dll
0x00007ffefe150000 - 0x00007ffefe1ee000 	C:\Windows\System32\sechost.dll
0x00007ffefdf50000 - 0x00007ffefe072000 	C:\Windows\System32\RPCRT4.dll
0x00007ffefe7c0000 - 0x00007ffefe957000 	C:\Windows\System32\USER32.dll
0x00007ffefb150000 - 0x00007ffefb170000 	C:\Windows\System32\win32u.dll
0x00007ffefe120000 - 0x00007ffefe149000 	C:\Windows\System32\GDI32.dll
0x00007ffefabb0000 - 0x00007ffefad49000 	C:\Windows\System32\gdi32full.dll
0x00007ffefb170000 - 0x00007ffefb210000 	C:\Windows\System32\msvcp_win.dll
0x00007ffefba10000 - 0x00007ffefbb0a000 	C:\Windows\System32\ucrtbase.dll
0x00007ffee9030000 - 0x00007ffee92a9000 	C:\Windows\WinSxS\amd64_microsoft.windows.common-controls_6595b64144ccf1df_6.0.17763.1217_none_de6e4304534e0ad3\COMCTL32.dll
0x00007ffefe490000 - 0x00007ffefe7bc000 	C:\Windows\System32\combase.dll
0x00007ffefad50000 - 0x00007ffefadce000 	C:\Windows\System32\bcryptPrimitives.dll
0x00007ffefbe80000 - 0x00007ffefbeae000 	C:\Windows\System32\IMM32.DLL
0x000000005c760000 - 0x000000005c832000 	C:\Program Files\Java\jdk1.8.0_231\jre\bin\msvcr100.dll
0x000000005beb0000 - 0x000000005c756000 	C:\Program Files\Java\jdk1.8.0_231\jre\bin\server\jvm.dll
0x00007ffefbe70000 - 0x00007ffefbe78000 	C:\Windows\System32\PSAPI.DLL
0x00007ffeece60000 - 0x00007ffeece69000 	C:\Windows\SYSTEM32\WSOCK32.dll
0x00007ffef7620000 - 0x00007ffef7644000 	C:\Windows\SYSTEM32\WINMM.dll
0x00007ffefe9f0000 - 0x00007ffefea5d000 	C:\Windows\System32\WS2_32.dll
0x00007ffef2880000 - 0x00007ffef288a000 	C:\Windows\SYSTEM32\VERSION.dll
0x00007ffef75f0000 - 0x00007ffef761d000 	C:\Windows\SYSTEM32\WINMMBASE.dll
0x00007ffefb9c0000 - 0x00007ffefba0a000 	C:\Windows\System32\cfgmgr32.dll
0x00007ffee7630000 - 0x00007ffee763f000 	C:\Program Files\Java\jdk1.8.0_231\jre\bin\verify.dll
0x00007ffee0a00000 - 0x00007ffee0a29000 	C:\Program Files\Java\jdk1.8.0_231\jre\bin\java.dll
0x00007ffed7fd0000 - 0x00007ffed7fe6000 	C:\Program Files\Java\jdk1.8.0_231\jre\bin\zip.dll
0x00007ffefc4c0000 - 0x00007ffefd9b4000 	C:\Windows\System32\SHELL32.dll
0x00007ffefc300000 - 0x00007ffefc3a8000 	C:\Windows\System32\shcore.dll
0x00007ffefb210000 - 0x00007ffefb95e000 	C:\Windows\System32\windows.storage.dll
0x00007ffefab20000 - 0x00007ffefab44000 	C:\Windows\System32\profapi.dll
0x00007ffefab50000 - 0x00007ffefabad000 	C:\Windows\System32\powrprof.dll
0x00007ffefc1d0000 - 0x00007ffefc222000 	C:\Windows\System32\shlwapi.dll
0x00007ffefaae0000 - 0x00007ffefaaf1000 	C:\Windows\System32\kernel.appcore.dll
0x00007ffefbcf0000 - 0x00007ffefbd07000 	C:\Windows\System32\cryptsp.dll
0x00007ffed7fb0000 - 0x00007ffed7fca000 	C:\Program Files\Java\jdk1.8.0_231\jre\bin\net.dll
0x00007ffefa2f0000 - 0x00007ffefa357000 	C:\Windows\system32\mswsock.dll
0x00007ffed7f90000 - 0x00007ffed7fa2000 	C:\Program Files\Java\jdk1.8.0_231\jre\bin\nio.dll
0x00007ffed7f70000 - 0x00007ffed7f8e000 	C:\Users\ZULHAMAZWARACHMAD\.gradle\native\25\windows-amd64\native-platform.dll
0x00007ffee6af0000 - 0x00007ffee6afd000 	C:\Program Files\Java\jdk1.8.0_231\jre\bin\management.dll
0x00007ffef9c10000 - 0x00007ffef9c43000 	C:\Windows\system32\rsaenh.dll
0x00007ffefadd0000 - 0x00007ffefadf6000 	C:\Windows\System32\bcrypt.dll
0x00007ffefa9e0000 - 0x00007ffefaa08000 	C:\Windows\SYSTEM32\USERENV.dll
0x00007ffefa4c0000 - 0x00007ffefa4cc000 	C:\Windows\SYSTEM32\CRYPTBASE.dll
0x00007ffefa010000 - 0x00007ffefa04d000 	C:\Windows\SYSTEM32\IPHLPAPI.DLL
0x00007ffefe960000 - 0x00007ffefe968000 	C:\Windows\System32\NSI.dll
0x00007ffef2920000 - 0x00007ffef2936000 	C:\Windows\SYSTEM32\dhcpcsvc6.DLL
0x00007ffef2ba0000 - 0x00007ffef2bbc000 	C:\Windows\SYSTEM32\dhcpcsvc.DLL
0x00007ffefa050000 - 0x00007ffefa117000 	C:\Windows\SYSTEM32\DNSAPI.dll

VM Arguments:
jvm_args: -XX:+HeapDumpOnOutOfMemoryError -Xmx1024m -Dfile.encoding=windows-1252 -Duser.country=ID -Duser.language=en -Duser.variant 
java_command: org.gradle.launcher.daemon.bootstrap.GradleDaemon 4.10.3
java_class_path (initial): C:\Users\ZULHAMAZWARACHMAD\.gradle\wrapper\dists\gradle-4.10.3-all\81msde2dx9p4vji0mjgtvxkcb\gradle-4.10.3\lib\gradle-launcher-4.10.3.jar
Launcher Type: SUN_STANDARD

Environment Variables:
JAVA_HOME=C:\Program Files\java\jdk1.8.0_231
CLASSPATH=C:\xampp\htdocs\kta-quasar-app\src-cordova\platforms\android\\gradle\wrapper\gradle-wrapper.jar
PATH=C:\Program Files\ImageMagick-7.0.9-Q16;C:\Program Files (x86)\Common Files\Oracle\Java\javapath;C:\Windows\system32;C:\Windows;C:\Windows\System32\Wbem;C:\Windows\System32\WindowsPowerShell\v1.0\;C:\Windows\System32\OpenSSH\;C:\Program Files (x86)\Bitvise SSH Client;C:\Program Files\Git\cmd;C:\xampp\php;C:\ProgramData\ComposerSetup\bin;C:\Program Files\nodejs\;C:\Program Files\PuTTY\;C:\Program Files (x86)\Yarn\bin\;C:\Users\ZULHAMAZWARACHMAD\AppData\Local\Android\Sdk\platform-tools;C:\Users\ZULHAMAZWARACHMAD\AppData\Local\Android\Sdk\tools;C:\Users\ZULHAMAZWARACHMAD\AppData\Local\Android\Sdk\build-tools\29.0.2;C:\flutter\bin;C:\gradle\gradle-5.6.4\bin;C:\Users\ZULHAMAZWARACHMAD\AppData\Local\Android\Sdk;C:\ProgramData\chocolatey\bin;C:\Users\ZULHAMAZWARACHMAD\AppData\Local\Programs\Python\Python38\Scripts\;C:\Users\ZULHAMAZWARACHMAD\AppData\Local\Programs\Python\Python38\;C:\Users\ZULHAMAZWARACHMAD\AppData\Local\Microsoft\WindowsApps;C:\Users\ZULHAMAZWARACHMAD\AppData\Local\Programs\Microsoft VS Code\bin;C:\Users\ZULHAMAZWARACHMAD\AppData\Roaming\Composer\vendor\bin;C:\Users\ZULHAMAZWARACHMAD\AppData\Roaming\npm;C:\Users\ZULHAMAZWARACHMAD\AppData\Local\Yarn\bin;C:\Users\ZULHAMAZWARACHMAD\AppData\Local\Android\Sdk\platform-tools;C:\Users\ZULHAMAZWARACHMAD\AppData\Local\Android\Sdk\tools;C:\Users\ZULHAMAZWARACHMAD\AppData\Local\Android\Sdk\build-tools\29.0.2;;C:\Program Files\java\jdk1.8.0_231\bin;C:\Users\ZULHAMAZWARACHMAD\AppData\Local\Android\Sdk\tools\bin
USERNAME=ZULHAMAZWARACHMAD
OS=Windows_NT
PROCESSOR_IDENTIFIER=Intel64 Family 6 Model 158 Stepping 10, GenuineIntel



---------------  S Y S T E M  ---------------

OS: Windows 10.0 , 64 bit Build 17763 (10.0.17763.1158)

CPU:total 4 (initial active 4) (2 cores per cpu, 2 threads per core) family 6 model 158 stepping 10, cmov, cx8, fxsr, mmx, sse, sse2, sse3, ssse3, sse4.1, sse4.2, popcnt, aes, clmul, erms, 3dnowpref, lzcnt, ht, tsc, tscinvbit

Memory: 4k page, physical 8053904k(375380k free), swap 33219728k(7132k free)

vm_info: Java HotSpot(TM) 64-Bit Server VM (25.231-b11) for windows-amd64 JRE (1.8.0_231-b11), built on Oct  5 2019 03:11:30 by "java_re" with MS VC++ 10.0 (VS2010)

time: Tue Jun 09 15:17:28 2020
timezone: SE Asia Standard Time
elapsed time: 3 seconds (0d 0h 0m 3s)

